2025-03-29 14:01:35,054 - INFO - ø™ º≤…ºØ“≥√Ê: http://www.nhc.gov.cn/wjw/zcjd/list.shtml
2025-03-29 14:01:38,490 - WARNING - «Î«Û ß∞‹: http://www.nhc.gov.cn/wjw/zcjd/list.shtml - 407 Client Error: Proxy Authentication Required for url: http://www.nhc.gov.cn/wjw/zcjd/list.shtml
2025-03-29 14:01:38,491 - INFO - ø™ º≤…ºØ“≥√Ê: http://www.nhc.gov.cn/wjw/xgkml/xxgk_index.shtml?tab=zdgknr
2025-03-29 14:01:41,970 - WARNING - «Î«Û ß∞‹: http://www.nhc.gov.cn/wjw/xgkml/xxgk_index.shtml?tab=zdgknr - 407 Client Error: Proxy Authentication Required for url: http://www.nhc.gov.cn/wjw/xgkml/xxgk_index.shtml?tab=zdgknr
2025-03-29 14:01:41,971 - INFO - ø™ º≤…ºØ“≥√Ê: http://www.nhc.gov.cn/fys/new_index.shtml
2025-03-29 14:01:45,355 - WARNING - «Î«Û ß∞‹: http://www.nhc.gov.cn/fys/new_index.shtml - 407 Client Error: Proxy Authentication Required for url: http://www.nhc.gov.cn/fys/new_index.shtml
2025-03-29 14:01:45,356 - INFO - »ŒŒÒÕÍ≥… | ≥…π¶¥¶¿Ì 0/0 ∑›Œƒµµ
2025-03-29 14:14:21,817 - INFO - ø™ º≤…ºØ“≥√Ê: http://www.nhc.gov.cn/wjw/zcjd/list.shtml
2025-03-29 14:14:25,316 - WARNING - «Î«Û ß∞‹: http://www.nhc.gov.cn/wjw/zcjd/list.shtml - 407 Client Error: Proxy Authentication Required for url: http://www.nhc.gov.cn/wjw/zcjd/list.shtml
2025-03-29 14:14:25,317 - INFO - ø™ º≤…ºØ“≥√Ê: http://www.nhc.gov.cn/wjw/xgkml/xxgk_index.shtml?tab=zdgknr
2025-03-29 14:14:28,724 - WARNING - «Î«Û ß∞‹: http://www.nhc.gov.cn/wjw/xgkml/xxgk_index.shtml?tab=zdgknr - 407 Client Error: Proxy Authentication Required for url: http://www.nhc.gov.cn/wjw/xgkml/xxgk_index.shtml?tab=zdgknr
2025-03-29 14:14:28,725 - INFO - ø™ º≤…ºØ“≥√Ê: http://www.nhc.gov.cn/fys/new_index.shtml
2025-03-29 14:14:32,166 - WARNING - «Î«Û ß∞‹: http://www.nhc.gov.cn/fys/new_index.shtml - 407 Client Error: Proxy Authentication Required for url: http://www.nhc.gov.cn/fys/new_index.shtml
2025-03-29 14:14:32,167 - INFO - »ŒŒÒÕÍ≥… | ≥…π¶¥¶¿Ì 0/0 ∑›Œƒµµ
2025-03-29 14:15:54,828 - INFO - ø™ º≤…ºØ“≥√Ê: http://www.nhc.gov.cn/wjw/zcjd/list.shtml
2025-03-29 14:15:58,286 - WARNING - «Î«Û ß∞‹: http://www.nhc.gov.cn/wjw/zcjd/list.shtml - 407 Client Error: Proxy Authentication Required for url: http://www.nhc.gov.cn/wjw/zcjd/list.shtml
2025-03-29 14:15:58,287 - INFO - ø™ º≤…ºØ“≥√Ê: http://www.nhc.gov.cn/wjw/xgkml/xxgk_index.shtml?tab=zdgknr
2025-03-29 14:16:01,781 - WARNING - «Î«Û ß∞‹: http://www.nhc.gov.cn/wjw/xgkml/xxgk_index.shtml?tab=zdgknr - 407 Client Error: Proxy Authentication Required for url: http://www.nhc.gov.cn/wjw/xgkml/xxgk_index.shtml?tab=zdgknr
2025-03-29 14:16:01,781 - INFO - ø™ º≤…ºØ“≥√Ê: http://www.nhc.gov.cn/fys/new_index.shtml
2025-03-29 14:16:01,942 - WARNING - «Î«Û ß∞‹: http://www.nhc.gov.cn/fys/new_index.shtml - 412 Client Error: Precondition Failed for url: http://www.nhc.gov.cn/fys/new_index.shtml
2025-03-29 14:16:01,942 - INFO - »ŒŒÒÕÍ≥… | ≥…π¶¥¶¿Ì 0/0 ∑›Œƒµµ
2025-03-29 14:22:32,198 - INFO - ø™ º≤…ºØ“≥√Ê: http://www.nhc.gov.cn/wjw/zcjd/list.shtml
2025-03-29 14:22:35,673 - WARNING - «Î«Û ß∞‹: http://www.nhc.gov.cn/wjw/zcjd/list.shtml - 407 Client Error: Proxy Authentication Required for url: http://www.nhc.gov.cn/wjw/zcjd/list.shtml
2025-03-29 14:22:35,673 - INFO - ø™ º≤…ºØ“≥√Ê: http://www.nhc.gov.cn/wjw/xgkml/xxgk_index.shtml?tab=zdgknr
2025-03-29 14:22:39,134 - WARNING - «Î«Û ß∞‹: http://www.nhc.gov.cn/wjw/xgkml/xxgk_index.shtml?tab=zdgknr - 407 Client Error: Proxy Authentication Required for url: http://www.nhc.gov.cn/wjw/xgkml/xxgk_index.shtml?tab=zdgknr
2025-03-29 14:22:39,135 - INFO - ø™ º≤…ºØ“≥√Ê: http://www.nhc.gov.cn/fys/new_index.shtml
2025-03-29 14:22:42,609 - WARNING - «Î«Û ß∞‹: http://www.nhc.gov.cn/fys/new_index.shtml - 407 Client Error: Proxy Authentication Required for url: http://www.nhc.gov.cn/fys/new_index.shtml
2025-03-29 14:22:42,610 - INFO - »ŒŒÒÕÍ≥… | ≥…π¶¥¶¿Ì 0/0 ∑›Œƒµµ
2025-03-29 14:38:06,419 - INFO - ø™ º≤…ºØ“≥√Ê: http://www.nhc.gov.cn/wjw/zcjd/list.shtml
2025-03-29 14:38:10,005 - WARNING - «Î«Û ß∞‹: http://www.nhc.gov.cn/wjw/zcjd/list.shtml - 407 Client Error: Proxy Authentication Required for url: http://www.nhc.gov.cn/wjw/zcjd/list.shtml
2025-03-29 14:38:10,006 - INFO - ø™ º≤…ºØ“≥√Ê: http://www.nhc.gov.cn/wjw/xgkml/xxgk_index.shtml?tab=zdgknr
2025-03-29 14:38:13,783 - WARNING - «Î«Û ß∞‹: http://www.nhc.gov.cn/wjw/xgkml/xxgk_index.shtml?tab=zdgknr - 407 Client Error: Proxy Authentication Required for url: http://www.nhc.gov.cn/wjw/xgkml/xxgk_index.shtml?tab=zdgknr
2025-03-29 14:38:13,784 - INFO - ø™ º≤…ºØ“≥√Ê: http://www.nhc.gov.cn/fys/new_index.shtml
2025-03-29 14:38:17,331 - WARNING - «Î«Û ß∞‹: http://www.nhc.gov.cn/fys/new_index.shtml - 407 Client Error: Proxy Authentication Required for url: http://www.nhc.gov.cn/fys/new_index.shtml
2025-03-29 14:38:17,331 - INFO - »ŒŒÒÕÍ≥… | ≥…π¶¥¶¿Ì 0/0 ∑›Œƒµµ
2025-03-29 14:51:33,499 - INFO - ø™ º≤…ºØ“≥√Ê: http://www.nhc.gov.cn/wjw/zcjd/list.shtml
2025-03-29 14:51:33,678 - WARNING - «Î«Û ß∞‹: http://www.nhc.gov.cn/wjw/zcjd/list.shtml - 412 Client Error: Precondition Failed for url: http://www.nhc.gov.cn/wjw/zcjd/list.shtml
2025-03-29 14:51:33,679 - INFO - ø™ º≤…ºØ“≥√Ê: http://www.nhc.gov.cn/wjw/xgkml/xxgk_index.shtml?tab=zdgknr
2025-03-29 14:51:33,896 - WARNING - «Î«Û ß∞‹: http://www.nhc.gov.cn/wjw/xgkml/xxgk_index.shtml?tab=zdgknr - 412 Client Error: Precondition Failed for url: http://www.nhc.gov.cn/wjw/xgkml/xxgk_index.shtml?tab=zdgknr
2025-03-29 14:51:33,897 - INFO - ø™ º≤…ºØ“≥√Ê: http://www.nhc.gov.cn/fys/new_index.shtml
2025-03-29 14:51:34,051 - WARNING - «Î«Û ß∞‹: http://www.nhc.gov.cn/fys/new_index.shtml - 412 Client Error: Precondition Failed for url: http://www.nhc.gov.cn/fys/new_index.shtml
2025-03-29 14:51:34,052 - INFO - »ŒŒÒÕÍ≥… | ≥…π¶¥¶¿Ì 0/0 ∑›Œƒµµ
2025-03-29 15:03:00,854 - INFO - ø™ º≤…ºØ“≥√Ê: http://www.nhc.gov.cn/wjw/zcjd/list.shtml
2025-03-29 15:09:13,105 - INFO - ø™ º≤…ºØ“≥√Ê: http://www.nhc.gov.cn/wjw/zcjd/list.shtml
2025-03-29 15:09:26,689 - WARNING - ¥•∑¢∑¥≈¿ª˙÷∆£¨≥¢ ‘∏¸ªªUA∫ÕIP
2025-03-29 15:09:26,689 - INFO - ø™ º≤…ºØ“≥√Ê: http://www.nhc.gov.cn/wjw/xgkml/xxgk_index.shtml?tab=zdgknr
2025-03-29 15:09:41,423 - WARNING - ¥•∑¢∑¥≈¿ª˙÷∆£¨≥¢ ‘∏¸ªªUA∫ÕIP
2025-03-29 15:09:41,424 - INFO - ø™ º≤…ºØ“≥√Ê: http://www.nhc.gov.cn/fys/new_index.shtml
2025-03-29 15:09:48,813 - WARNING - ¥•∑¢∑¥≈¿ª˙÷∆£¨≥¢ ‘∏¸ªªUA∫ÕIP
2025-03-29 15:09:48,814 - INFO - »ŒŒÒÕÍ≥… | ≥…π¶¥¶¿Ì 0/0 ∑›Œƒµµ
2025-03-29 15:36:37,223 - INFO -  π”√‰Ø¿¿∆˜ƒ£ Ω≤…ºØ≥ı º“≥√Ê...
2025-03-29 15:37:05,068 - INFO - Õ®π˝‰Ø¿¿∆˜ªÒ»°µΩ 0 Ãı¡¥Ω”
2025-03-29 15:37:05,068 - INFO - ø™ º≤…ºØ“≥√Ê: http://www.nhc.gov.cn/wjw/xgkml/xxgk_index.shtml?tab=zdgknr
2025-03-29 15:37:10,577 - WARNING - ¥•∑¢∑¥≈¿ª˙÷∆£¨≥¢ ‘∏¸ªªUA∫ÕIP
2025-03-29 15:37:23,092 - INFO - ø™ º≤…ºØ“≥√Ê: http://www.nhc.gov.cn/fys/new_index.shtml
2025-03-29 15:37:33,683 - WARNING - ¥•∑¢∑¥≈¿ª˙÷∆£¨≥¢ ‘∏¸ªªUA∫ÕIP
2025-03-29 15:37:49,187 - INFO - π≤∑¢œ÷ 0 ∏ˆŒ®“ªŒƒµµ
2025-03-29 15:37:49,187 - INFO - »ŒŒÒÕÍ≥… | ≥…π¶¥¶¿Ì 0/0 ∑›Œƒµµ
2025-03-29 18:37:28,941 - ERROR - Exception in callback Connection.dispatch.<locals>._done_callback(<Task cancell...ntext.py:234>>) at E:\medtrust-guardian\.venv\Lib\site-packages\playwright\_impl\_connection.py:438
handle: <Handle Connection.dispatch.<locals>._done_callback(<Task cancell...ntext.py:234>>) at E:\medtrust-guardian\.venv\Lib\site-packages\playwright\_impl\_connection.py:438>
Traceback (most recent call last):
  File "C:\Users\Administrator\AppData\Local\Programs\Python\Python311\Lib\asyncio\events.py", line 84, in _run
    self._context.run(self._callback, *self._args)
  File "E:\medtrust-guardian\.venv\Lib\site-packages\playwright\_impl\_connection.py", line 439, in _done_callback
    exc = future.exception()
          ^^^^^^^^^^^^^^^^^^
  File "E:\medtrust-guardian\.venv\Lib\site-packages\playwright\_impl\_browser_context.py", line 249, in _on_route
    handled = await route_handler.handle(route)
              ^^^^^^^^^^^^^^^^^^^^^^^^^^^^^^^^^
  File "E:\medtrust-guardian\.venv\Lib\site-packages\playwright\_impl\_helper.py", line 301, in handle
    return await self._handle_internal(route)
           ^^^^^^^^^^^^^^^^^^^^^^^^^^^^^^^^^^
  File "E:\medtrust-guardian\.venv\Lib\site-packages\playwright\_impl\_helper.py", line 343, in _handle_internal
    return await handled_future
           ^^^^^^^^^^^^^^^^^^^^
asyncio.exceptions.CancelledError
2025-03-29 19:29:16,109 - INFO - ‰ΩøÁî®ÊµèËßàÂô®Ê®°ÂºèÈááÈõÜÂàùÂßãÈ°µÈù¢...
2025-03-29 19:29:16,638 - INFO - [ËÆøÈóÆ] http://www.nhc.gov.cn/wjw/zcjd/list.shtml
2025-03-29 19:29:37,521 - WARNING - ÂÜÖÂÆπÂä†ËΩΩÂ∞ùËØï 1/3 Â§±Ë¥•
2025-03-29 19:30:00,540 - WARNING - ÂÜÖÂÆπÂä†ËΩΩÂ∞ùËØï 2/3 Â§±Ë¥•
2025-03-29 19:30:23,563 - WARNING - ÂÜÖÂÆπÂä†ËΩΩÂ∞ùËØï 3/3 Â§±Ë¥•
2025-03-29 19:30:26,584 - ERROR - [ÈîôËØØ] Ê†∏ÂøÉÂÜÖÂÆπÂä†ËΩΩÂ§±Ë¥•
2025-03-29 19:51:03,813 - INFO - ‰ΩøÁî®ÊµèËßàÂô®Ê®°ÂºèÈááÈõÜÂàùÂßãÈ°µÈù¢...
2025-03-29 19:51:04,327 - INFO - Ê≠£Âú®ËÆøÈóÆ: http://www.nhc.gov.cn/wjw/zcjd/list.shtml
2025-03-29 19:51:08,840 - ERROR - Êìç‰ΩúÂºÇÂ∏∏: Ëé∑ÂèñÂÜÖÂÆπËøáÁü≠ÔºåÁñë‰ººÂèçÁà¨Êã¶Êà™
2025-03-29 19:51:08,896 - INFO - ÂºÄÂßãÈááÈõÜÈ°µÈù¢: http://www.nhc.gov.cn/wjw/xgkml/xxgk_index.shtml?tab=zdgknr
2025-03-29 19:51:21,224 - INFO - ‚û§ ËØ∑Ê±Ç [1/3] http://www.nhc.gov.cn/wjw/xgkml/xxgk_index.shtml?tab=zdgknr...
2025-03-29 19:51:39,711 - INFO - ‚û§ ËØ∑Ê±Ç [2/3] http://www.nhc.gov.cn/wjw/xgkml/xxgk_index.shtml?tab=zdgknr...
2025-03-29 19:52:02,019 - INFO - ‚û§ ËØ∑Ê±Ç [3/3] http://www.nhc.gov.cn/wjw/xgkml/xxgk_index.shtml?tab=zdgknr...
2025-03-29 19:52:02,609 - ERROR - ‚ùå Êó†Ê≥ïËÆøÈóÆURL: http://www.nhc.gov.cn/wjw/xgkml/xxgk_index.shtml?tab=zdgknr
2025-03-29 19:52:14,464 - INFO - ÂºÄÂßãÈááÈõÜÈ°µÈù¢: http://www.nhc.gov.cn/fys/new_index.shtml
2025-03-29 19:52:28,231 - INFO - ‚û§ ËØ∑Ê±Ç [1/3] http://www.nhc.gov.cn/fys/new_index.shtml...
2025-03-29 19:52:48,560 - INFO - ‚û§ ËØ∑Ê±Ç [2/3] http://www.nhc.gov.cn/fys/new_index.shtml...
2025-03-29 19:53:13,327 - INFO - ‚û§ ËØ∑Ê±Ç [3/3] http://www.nhc.gov.cn/fys/new_index.shtml...
2025-03-29 19:53:13,970 - ERROR - ‚ùå Êó†Ê≥ïËÆøÈóÆURL: http://www.nhc.gov.cn/fys/new_index.shtml
2025-03-29 19:53:28,099 - INFO - ÂÖ±ÂèëÁé∞ 0 ‰∏™ÂîØ‰∏ÄÊñáÊ°£
2025-03-29 19:53:28,099 - INFO - ‰ªªÂä°ÂÆåÊàê | ÊàêÂäüÂ§ÑÁêÜ 0/0 ‰ªΩÊñáÊ°£
2025-03-29 20:03:44,556 - INFO - ‰ΩøÁî®ÊµèËßàÂô®Ê®°ÂºèÈááÈõÜÂàùÂßãÈ°µÈù¢...
2025-03-29 20:03:53,130 - CRITICAL - ‚Äº ‰ª£ÁêÜÊµãËØïÂ§±Ë¥•ÔºåËØ∑Ê£ÄÊü•‰ª£ÁêÜÈÖçÁΩÆ
2025-03-29 20:03:53,198 - ERROR - ÊµèËßàÂô®ÂàùÂßãÂåñÂ§±Ë¥•: ‰ª£ÁêÜ‰∏çÂèØÁî®
2025-03-29 20:03:53,199 - INFO - ÂºÄÂßãÈááÈõÜÈ°µÈù¢: http://www.nhc.gov.cn/wjw/xgkml/xxgk_index.shtml?tab=zdgknr
2025-03-29 20:04:04,160 - INFO - ‚û§ ËØ∑Ê±Ç [1/3] http://www.nhc.gov.cn/wjw/xgkml/xxgk_index.shtml?tab=zdgknr...
2025-03-29 20:04:07,236 - WARNING - Retrying (Retry(total=2, connect=None, read=None, redirect=None, status=None)) after connection broken by 'ConnectTimeoutError(<urllib3.connection.HTTPConnection object at 0x0000016AA5FF2010>, 'Connection to dc.pr.oxylabs.io timed out. (connect timeout=3.05)')': http://www.nhc.gov.cn/wjw/xgkml/xxgk_index.shtml?tab=zdgknr
2025-03-29 20:04:10,288 - WARNING - Retrying (Retry(total=1, connect=None, read=None, redirect=None, status=None)) after connection broken by 'ConnectTimeoutError(<urllib3.connection.HTTPConnection object at 0x0000016AA605E390>, 'Connection to dc.pr.oxylabs.io timed out. (connect timeout=3.05)')': http://www.nhc.gov.cn/wjw/xgkml/xxgk_index.shtml?tab=zdgknr
2025-03-29 20:04:13,340 - WARNING - Retrying (Retry(total=0, connect=None, read=None, redirect=None, status=None)) after connection broken by 'ConnectTimeoutError(<urllib3.connection.HTTPConnection object at 0x0000016AA605F810>, 'Connection to dc.pr.oxylabs.io timed out. (connect timeout=3.05)')': http://www.nhc.gov.cn/wjw/xgkml/xxgk_index.shtml?tab=zdgknr
2025-03-29 20:04:16,406 - ERROR - ‚ö† ÁΩëÁªúÂ±ÇÈîôËØØ: HTTPConnectionPool(host='dc.pr.oxylabs.io', port=7777): Max retries exceeded with url: http://www.nhc.gov.cn/wjw/xgkml/xxgk_index.shtml?tab=zdgknr (Caused by ProxyError('Unable to connect to proxy', ConnectTimeoutError(<urllib3.connection.HTTPConnection object at 0x0000016AA6064C90>, 'Connection to dc.pr.oxylabs.io timed out. (connect timeout=3.05)')))
2025-03-29 20:04:16,406 - INFO - ‚≠Æ ÂàáÊç¢‰ª£ÁêÜÂπ∂ÈáçËØï...
2025-03-29 20:04:34,514 - INFO - ‚û§ ËØ∑Ê±Ç [2/3] http://www.nhc.gov.cn/wjw/xgkml/xxgk_index.shtml?tab=zdgknr...
2025-03-29 20:04:37,580 - WARNING - Retrying (Retry(total=2, connect=None, read=None, redirect=None, status=None)) after connection broken by 'ConnectTimeoutError(<urllib3.connection.HTTPConnection object at 0x0000016AA6066F50>, 'Connection to dc.pr.oxylabs.io timed out. (connect timeout=3.05)')': http://www.nhc.gov.cn/wjw/xgkml/xxgk_index.shtml?tab=zdgknr
2025-03-29 20:04:40,634 - WARNING - Retrying (Retry(total=1, connect=None, read=None, redirect=None, status=None)) after connection broken by 'ConnectTimeoutError(<urllib3.connection.HTTPConnection object at 0x0000016AA6068450>, 'Connection to dc.pr.oxylabs.io timed out. (connect timeout=3.05)')': http://www.nhc.gov.cn/wjw/xgkml/xxgk_index.shtml?tab=zdgknr
2025-03-29 20:04:43,687 - WARNING - Retrying (Retry(total=0, connect=None, read=None, redirect=None, status=None)) after connection broken by 'ConnectTimeoutError(<urllib3.connection.HTTPConnection object at 0x0000016AA60698D0>, 'Connection to dc.pr.oxylabs.io timed out. (connect timeout=3.05)')': http://www.nhc.gov.cn/wjw/xgkml/xxgk_index.shtml?tab=zdgknr
2025-03-29 20:04:46,741 - ERROR - ‚ö† ÁΩëÁªúÂ±ÇÈîôËØØ: HTTPConnectionPool(host='dc.pr.oxylabs.io', port=7777): Max retries exceeded with url: http://www.nhc.gov.cn/wjw/xgkml/xxgk_index.shtml?tab=zdgknr (Caused by ProxyError('Unable to connect to proxy', ConnectTimeoutError(<urllib3.connection.HTTPConnection object at 0x0000016AA606AD10>, 'Connection to dc.pr.oxylabs.io timed out. (connect timeout=3.05)')))
2025-03-29 20:04:46,741 - INFO - ‚≠Æ ÂàáÊç¢‰ª£ÁêÜÂπ∂ÈáçËØï...
2025-03-29 20:05:11,101 - INFO - ‚û§ ËØ∑Ê±Ç [3/3] http://www.nhc.gov.cn/wjw/xgkml/xxgk_index.shtml?tab=zdgknr...
2025-03-29 20:05:14,157 - WARNING - Retrying (Retry(total=2, connect=None, read=None, redirect=None, status=None)) after connection broken by 'ConnectTimeoutError(<urllib3.connection.HTTPConnection object at 0x0000016AA606B510>, 'Connection to dc.pr.oxylabs.io timed out. (connect timeout=3.05)')': http://www.nhc.gov.cn/wjw/xgkml/xxgk_index.shtml?tab=zdgknr
2025-03-29 20:05:17,212 - WARNING - Retrying (Retry(total=1, connect=None, read=None, redirect=None, status=None)) after connection broken by 'ConnectTimeoutError(<urllib3.connection.HTTPConnection object at 0x0000016AA6069950>, 'Connection to dc.pr.oxylabs.io timed out. (connect timeout=3.05)')': http://www.nhc.gov.cn/wjw/xgkml/xxgk_index.shtml?tab=zdgknr
2025-03-29 20:05:20,264 - WARNING - Retrying (Retry(total=0, connect=None, read=None, redirect=None, status=None)) after connection broken by 'ConnectTimeoutError(<urllib3.connection.HTTPConnection object at 0x0000016AA6068510>, 'Connection to dc.pr.oxylabs.io timed out. (connect timeout=3.05)')': http://www.nhc.gov.cn/wjw/xgkml/xxgk_index.shtml?tab=zdgknr
2025-03-29 20:05:23,329 - ERROR - ‚ö† ÁΩëÁªúÂ±ÇÈîôËØØ: HTTPConnectionPool(host='dc.pr.oxylabs.io', port=7777): Max retries exceeded with url: http://www.nhc.gov.cn/wjw/xgkml/xxgk_index.shtml?tab=zdgknr (Caused by ProxyError('Unable to connect to proxy', ConnectTimeoutError(<urllib3.connection.HTTPConnection object at 0x0000016AA6066FD0>, 'Connection to dc.pr.oxylabs.io timed out. (connect timeout=3.05)')))
2025-03-29 20:05:23,329 - INFO - ‚≠Æ ÂàáÊç¢‰ª£ÁêÜÂπ∂ÈáçËØï...
2025-03-29 20:05:23,329 - ERROR - ‚ùå Êó†Ê≥ïËÆøÈóÆURL: http://www.nhc.gov.cn/wjw/xgkml/xxgk_index.shtml?tab=zdgknr
2025-03-29 20:05:37,337 - INFO - ÂºÄÂßãÈááÈõÜÈ°µÈù¢: http://www.nhc.gov.cn/fys/new_index.shtml
2025-03-29 20:05:51,427 - INFO - ‚û§ ËØ∑Ê±Ç [1/3] http://www.nhc.gov.cn/fys/new_index.shtml...
2025-03-29 20:05:54,495 - WARNING - Retrying (Retry(total=2, connect=None, read=None, redirect=None, status=None)) after connection broken by 'ConnectTimeoutError(<urllib3.connection.HTTPConnection object at 0x0000016AA605C410>, 'Connection to dc.pr.oxylabs.io timed out. (connect timeout=3.05)')': http://www.nhc.gov.cn/fys/new_index.shtml
2025-03-29 20:05:57,548 - WARNING - Retrying (Retry(total=1, connect=None, read=None, redirect=None, status=None)) after connection broken by 'ConnectTimeoutError(<urllib3.connection.HTTPConnection object at 0x0000016AA605F210>, 'Connection to dc.pr.oxylabs.io timed out. (connect timeout=3.05)')': http://www.nhc.gov.cn/fys/new_index.shtml
2025-03-29 20:06:00,600 - WARNING - Retrying (Retry(total=0, connect=None, read=None, redirect=None, status=None)) after connection broken by 'ConnectTimeoutError(<urllib3.connection.HTTPConnection object at 0x0000016AA605DB10>, 'Connection to dc.pr.oxylabs.io timed out. (connect timeout=3.05)')': http://www.nhc.gov.cn/fys/new_index.shtml
2025-03-29 20:06:03,659 - ERROR - ‚ö† ÁΩëÁªúÂ±ÇÈîôËØØ: HTTPConnectionPool(host='dc.pr.oxylabs.io', port=7777): Max retries exceeded with url: http://www.nhc.gov.cn/fys/new_index.shtml (Caused by ProxyError('Unable to connect to proxy', ConnectTimeoutError(<urllib3.connection.HTTPConnection object at 0x0000016AA6045590>, 'Connection to dc.pr.oxylabs.io timed out. (connect timeout=3.05)')))
2025-03-29 20:06:03,659 - INFO - ‚≠Æ ÂàáÊç¢‰ª£ÁêÜÂπ∂ÈáçËØï...
2025-03-29 20:06:18,983 - INFO - ‚û§ ËØ∑Ê±Ç [2/3] http://www.nhc.gov.cn/fys/new_index.shtml...
2025-03-29 20:06:22,035 - WARNING - Retrying (Retry(total=2, connect=None, read=None, redirect=None, status=None)) after connection broken by 'ConnectTimeoutError(<urllib3.connection.HTTPConnection object at 0x0000016AA6076690>, 'Connection to dc.pr.oxylabs.io timed out. (connect timeout=3.05)')': http://www.nhc.gov.cn/fys/new_index.shtml
2025-03-29 20:06:25,086 - WARNING - Retrying (Retry(total=1, connect=None, read=None, redirect=None, status=None)) after connection broken by 'ConnectTimeoutError(<urllib3.connection.HTTPConnection object at 0x0000016AA6077B10>, 'Connection to dc.pr.oxylabs.io timed out. (connect timeout=3.05)')': http://www.nhc.gov.cn/fys/new_index.shtml
2025-03-29 20:06:28,145 - WARNING - Retrying (Retry(total=0, connect=None, read=None, redirect=None, status=None)) after connection broken by 'ConnectTimeoutError(<urllib3.connection.HTTPConnection object at 0x0000016AA6081050>, 'Connection to dc.pr.oxylabs.io timed out. (connect timeout=3.05)')': http://www.nhc.gov.cn/fys/new_index.shtml
2025-03-29 20:06:31,210 - ERROR - ‚ö† ÁΩëÁªúÂ±ÇÈîôËØØ: HTTPConnectionPool(host='dc.pr.oxylabs.io', port=7777): Max retries exceeded with url: http://www.nhc.gov.cn/fys/new_index.shtml (Caused by ProxyError('Unable to connect to proxy', ConnectTimeoutError(<urllib3.connection.HTTPConnection object at 0x0000016AA6082510>, 'Connection to dc.pr.oxylabs.io timed out. (connect timeout=3.05)')))
2025-03-29 20:06:31,211 - INFO - ‚≠Æ ÂàáÊç¢‰ª£ÁêÜÂπ∂ÈáçËØï...
2025-03-29 20:06:54,482 - INFO - ‚û§ ËØ∑Ê±Ç [3/3] http://www.nhc.gov.cn/fys/new_index.shtml...
2025-03-29 20:06:57,543 - WARNING - Retrying (Retry(total=2, connect=None, read=None, redirect=None, status=None)) after connection broken by 'ConnectTimeoutError(<urllib3.connection.HTTPConnection object at 0x0000016AA605E590>, 'Connection to dc.pr.oxylabs.io timed out. (connect timeout=3.05)')': http://www.nhc.gov.cn/fys/new_index.shtml
2025-03-29 20:07:00,598 - WARNING - Retrying (Retry(total=1, connect=None, read=None, redirect=None, status=None)) after connection broken by 'ConnectTimeoutError(<urllib3.connection.HTTPConnection object at 0x0000016AA605ED90>, 'Connection to dc.pr.oxylabs.io timed out. (connect timeout=3.05)')': http://www.nhc.gov.cn/fys/new_index.shtml
2025-03-29 20:07:03,663 - WARNING - Retrying (Retry(total=0, connect=None, read=None, redirect=None, status=None)) after connection broken by 'ConnectTimeoutError(<urllib3.connection.HTTPConnection object at 0x0000016AA6028650>, 'Connection to dc.pr.oxylabs.io timed out. (connect timeout=3.05)')': http://www.nhc.gov.cn/fys/new_index.shtml
2025-03-29 20:07:06,720 - ERROR - ‚ö† ÁΩëÁªúÂ±ÇÈîôËØØ: HTTPConnectionPool(host='dc.pr.oxylabs.io', port=7777): Max retries exceeded with url: http://www.nhc.gov.cn/fys/new_index.shtml (Caused by ProxyError('Unable to connect to proxy', ConnectTimeoutError(<urllib3.connection.HTTPConnection object at 0x0000016AA6064090>, 'Connection to dc.pr.oxylabs.io timed out. (connect timeout=3.05)')))
2025-03-29 20:07:06,720 - INFO - ‚≠Æ ÂàáÊç¢‰ª£ÁêÜÂπ∂ÈáçËØï...
2025-03-29 20:07:06,720 - ERROR - ‚ùå Êó†Ê≥ïËÆøÈóÆURL: http://www.nhc.gov.cn/fys/new_index.shtml
2025-03-29 20:07:26,171 - INFO - ÂÖ±ÂèëÁé∞ 0 ‰∏™ÂîØ‰∏ÄÊñáÊ°£
2025-03-29 20:07:26,171 - INFO - ‰ªªÂä°ÂÆåÊàê | ÊàêÂäüÂ§ÑÁêÜ 0/0 ‰ªΩÊñáÊ°£
2025-03-30 13:02:54,977 - ERROR - ËØ∑Ê±ÇÂ§±Ë¥•: HTTPSConnectionPool(host='data.sh.gov.cn', port=443): Max retries exceeded with url: /interface/AG9102015009/14661 (Caused by ProxyError('Unable to connect to proxy', ConnectTimeoutError(<urllib3.connection.HTTPSConnection object at 0x0000029904D45610>, 'Connection to dc.pr.oxylabs.io timed out. (connect timeout=15)')))
2025-03-30 13:03:09,993 - ERROR - ËØ∑Ê±ÇÂ§±Ë¥•: HTTPSConnectionPool(host='data.sh.gov.cn', port=443): Max retries exceeded with url: /interface/AG9102015009/14661 (Caused by ProxyError('Unable to connect to proxy', ConnectTimeoutError(<urllib3.connection.HTTPSConnection object at 0x00000299051E0110>, 'Connection to dc.pr.oxylabs.io timed out. (connect timeout=15)')))
2025-03-30 13:03:25,003 - ERROR - ËØ∑Ê±ÇÂ§±Ë¥•: HTTPSConnectionPool(host='data.sh.gov.cn', port=443): Max retries exceeded with url: /interface/AG9102015009/14661 (Caused by ProxyError('Unable to connect to proxy', ConnectTimeoutError(<urllib3.connection.HTTPSConnection object at 0x00000299051E0DD0>, 'Connection to dc.pr.oxylabs.io timed out. (connect timeout=15)')))
2025-03-30 13:03:25,003 - INFO - ‰ªªÂä°ÂÆåÊàê | ÂÖ±Ëé∑Âèñ 0 Êù°Êï∞ÊçÆ
2025-03-30 16:19:01,631 - ERROR - ËØ∑Ê±ÇÂ§±Ë¥•: HTTPSConnectionPool(host='data.sh.gov.cn', port=443): Max retries exceeded with url: /interface/AG9102015009/14661 (Caused by ProxyError('Unable to connect to proxy', OSError('Tunnel connection failed: 403 Forbidden')))
2025-03-30 16:19:02,194 - ERROR - ËØ∑Ê±ÇÂ§±Ë¥•: HTTPSConnectionPool(host='data.sh.gov.cn', port=443): Max retries exceeded with url: /interface/AG9102015009/14661 (Caused by ProxyError('Unable to connect to proxy', OSError('Tunnel connection failed: 403 Forbidden')))
2025-03-30 16:19:02,808 - ERROR - ËØ∑Ê±ÇÂ§±Ë¥•: HTTPSConnectionPool(host='data.sh.gov.cn', port=443): Max retries exceeded with url: /interface/AG9102015009/14661 (Caused by ProxyError('Unable to connect to proxy', OSError('Tunnel connection failed: 403 Forbidden')))
2025-03-30 16:19:02,808 - INFO - ‰ªªÂä°ÂÆåÊàê | ÂÖ±Ëé∑Âèñ 0 Êù°Êï∞ÊçÆ
2025-03-30 16:35:55,726 - ERROR - ËØ∑Ê±ÇÂ§±Ë¥•: HTTPSConnectionPool(host='data.sh.gov.cn', port=443): Max retries exceeded with url: /interface/AG9102015009/14661 (Caused by ProxyError('Unable to connect to proxy', OSError('Tunnel connection failed: 400 Bad Request')))
2025-03-30 16:35:56,272 - ERROR - ËØ∑Ê±ÇÂ§±Ë¥•: HTTPSConnectionPool(host='data.sh.gov.cn', port=443): Max retries exceeded with url: /interface/AG9102015009/14661 (Caused by ProxyError('Unable to connect to proxy', OSError('Tunnel connection failed: 400 Bad Request')))
2025-03-30 16:35:56,790 - ERROR - ËØ∑Ê±ÇÂ§±Ë¥•: HTTPSConnectionPool(host='data.sh.gov.cn', port=443): Max retries exceeded with url: /interface/AG9102015009/14661 (Caused by ProxyError('Unable to connect to proxy', OSError('Tunnel connection failed: 400 Bad Request')))
2025-03-30 16:35:56,791 - INFO - ‰ªªÂä°ÂÆåÊàê | ÂÖ±Ëé∑Âèñ 0 Êù°Êï∞ÊçÆ
2025-03-30 17:13:00,425 - ERROR - ËØ∑Ê±ÇÂ§±Ë¥•: HTTPSConnectionPool(host='data.sh.gov.cn', port=443): Max retries exceeded with url: /interface/AG9102015009/14661 (Caused by ProxyError('Unable to connect to proxy', OSError('Tunnel connection failed: 400 Bad Request')))
2025-03-30 17:13:01,006 - ERROR - ËØ∑Ê±ÇÂ§±Ë¥•: HTTPSConnectionPool(host='data.sh.gov.cn', port=443): Max retries exceeded with url: /interface/AG9102015009/14661 (Caused by ProxyError('Unable to connect to proxy', OSError('Tunnel connection failed: 400 Bad Request')))
2025-03-30 17:13:01,581 - ERROR - ËØ∑Ê±ÇÂ§±Ë¥•: HTTPSConnectionPool(host='data.sh.gov.cn', port=443): Max retries exceeded with url: /interface/AG9102015009/14661 (Caused by ProxyError('Unable to connect to proxy', OSError('Tunnel connection failed: 400 Bad Request')))
2025-03-30 17:13:01,581 - INFO - ‰ªªÂä°ÂÆåÊàê | ÂÖ±Ëé∑Âèñ 0 Êù°Êï∞ÊçÆ
2025-03-30 17:22:45,068 - ERROR - ËØ∑Ê±ÇÂ§±Ë¥•: HTTPSConnectionPool(host='data.sh.gov.cn', port=443): Max retries exceeded with url: /interface/AG9102015009/14661 (Caused by ProxyError('Unable to connect to proxy', OSError('Tunnel connection failed: 403 Forbidden')))
2025-03-30 17:22:45,672 - ERROR - ËØ∑Ê±ÇÂ§±Ë¥•: HTTPSConnectionPool(host='data.sh.gov.cn', port=443): Max retries exceeded with url: /interface/AG9102015009/14661 (Caused by ProxyError('Unable to connect to proxy', OSError('Tunnel connection failed: 403 Forbidden')))
2025-03-30 17:22:46,279 - ERROR - ËØ∑Ê±ÇÂ§±Ë¥•: HTTPSConnectionPool(host='data.sh.gov.cn', port=443): Max retries exceeded with url: /interface/AG9102015009/14661 (Caused by ProxyError('Unable to connect to proxy', OSError('Tunnel connection failed: 403 Forbidden')))
2025-03-30 17:22:46,279 - INFO - ‰ªªÂä°ÂÆåÊàê | ÂÖ±Ëé∑Âèñ 0 Êù°Êï∞ÊçÆ
2025-03-30 17:24:07,784 - ERROR - ËØ∑Ê±ÇÂ§±Ë¥•: HTTPSConnectionPool(host='data.sh.gov.cn', port=443): Read timed out. (read timeout=15)
2025-03-30 17:24:22,864 - ERROR - ËØ∑Ê±ÇÂ§±Ë¥•: HTTPSConnectionPool(host='data.sh.gov.cn', port=443): Read timed out. (read timeout=15)
2025-03-30 17:24:37,922 - ERROR - ËØ∑Ê±ÇÂ§±Ë¥•: HTTPSConnectionPool(host='data.sh.gov.cn', port=443): Read timed out. (read timeout=15)
2025-03-30 17:24:37,922 - INFO - ‰ªªÂä°ÂÆåÊàê | ÂÖ±Ëé∑Âèñ 0 Êù°Êï∞ÊçÆ
2025-03-30 21:14:51,434 - WARNING - Retrying (Retry(total=2, connect=None, read=None, redirect=None, status=None)) after connection broken by 'SSLError(SSLCertVerificationError(1, '[SSL: CERTIFICATE_VERIFY_FAILED] certificate verify failed: unable to get local issuer certificate (_ssl.c:1006)'))': /interface/AG9102015009/14661
2025-03-30 21:14:53,491 - WARNING - Retrying (Retry(total=1, connect=None, read=None, redirect=None, status=None)) after connection broken by 'SSLError(SSLCertVerificationError(1, '[SSL: CERTIFICATE_VERIFY_FAILED] certificate verify failed: unable to get local issuer certificate (_ssl.c:1006)'))': /interface/AG9102015009/14661
2025-03-30 21:14:57,528 - WARNING - Retrying (Retry(total=0, connect=None, read=None, redirect=None, status=None)) after connection broken by 'SSLError(SSLCertVerificationError(1, '[SSL: CERTIFICATE_VERIFY_FAILED] certificate verify failed: unable to get local issuer certificate (_ssl.c:1006)'))': /interface/AG9102015009/14661
2025-03-30 21:14:57,561 - ERROR - ËØ∑Ê±ÇÂ§±Ë¥•: HTTPSConnectionPool(host='data.sh.gov.cn', port=443): Max retries exceeded with url: /interface/AG9102015009/14661 (Caused by SSLError(SSLCertVerificationError(1, '[SSL: CERTIFICATE_VERIFY_FAILED] certificate verify failed: unable to get local issuer certificate (_ssl.c:1006)')))
2025-03-30 21:14:57,594 - WARNING - Retrying (Retry(total=2, connect=None, read=None, redirect=None, status=None)) after connection broken by 'SSLError(SSLCertVerificationError(1, '[SSL: CERTIFICATE_VERIFY_FAILED] certificate verify failed: unable to get local issuer certificate (_ssl.c:1006)'))': /interface/AG9102015009/14661
2025-03-30 21:14:59,647 - WARNING - Retrying (Retry(total=1, connect=None, read=None, redirect=None, status=None)) after connection broken by 'SSLError(SSLCertVerificationError(1, '[SSL: CERTIFICATE_VERIFY_FAILED] certificate verify failed: unable to get local issuer certificate (_ssl.c:1006)'))': /interface/AG9102015009/14661
2025-03-30 21:15:03,695 - WARNING - Retrying (Retry(total=0, connect=None, read=None, redirect=None, status=None)) after connection broken by 'SSLError(SSLCertVerificationError(1, '[SSL: CERTIFICATE_VERIFY_FAILED] certificate verify failed: unable to get local issuer certificate (_ssl.c:1006)'))': /interface/AG9102015009/14661
2025-03-30 21:15:03,750 - ERROR - ËØ∑Ê±ÇÂ§±Ë¥•: HTTPSConnectionPool(host='data.sh.gov.cn', port=443): Max retries exceeded with url: /interface/AG9102015009/14661 (Caused by SSLError(SSLCertVerificationError(1, '[SSL: CERTIFICATE_VERIFY_FAILED] certificate verify failed: unable to get local issuer certificate (_ssl.c:1006)')))
2025-03-30 21:15:03,810 - WARNING - Retrying (Retry(total=2, connect=None, read=None, redirect=None, status=None)) after connection broken by 'SSLError(SSLCertVerificationError(1, '[SSL: CERTIFICATE_VERIFY_FAILED] certificate verify failed: unable to get local issuer certificate (_ssl.c:1006)'))': /interface/AG9102015009/14661
2025-03-30 21:15:05,868 - WARNING - Retrying (Retry(total=1, connect=None, read=None, redirect=None, status=None)) after connection broken by 'SSLError(SSLCertVerificationError(1, '[SSL: CERTIFICATE_VERIFY_FAILED] certificate verify failed: unable to get local issuer certificate (_ssl.c:1006)'))': /interface/AG9102015009/14661
2025-03-30 21:15:09,894 - WARNING - Retrying (Retry(total=0, connect=None, read=None, redirect=None, status=None)) after connection broken by 'SSLError(SSLCertVerificationError(1, '[SSL: CERTIFICATE_VERIFY_FAILED] certificate verify failed: unable to get local issuer certificate (_ssl.c:1006)'))': /interface/AG9102015009/14661
2025-03-30 21:15:09,947 - ERROR - ËØ∑Ê±ÇÂ§±Ë¥•: HTTPSConnectionPool(host='data.sh.gov.cn', port=443): Max retries exceeded with url: /interface/AG9102015009/14661 (Caused by SSLError(SSLCertVerificationError(1, '[SSL: CERTIFICATE_VERIFY_FAILED] certificate verify failed: unable to get local issuer certificate (_ssl.c:1006)')))
2025-03-30 21:15:09,947 - INFO - ‰ªªÂä°ÂÆåÊàê | ÂÖ±Ëé∑Âèñ 0 Êù°Êï∞ÊçÆ
2025-03-31 16:43:32,137 - WARNING - Retrying (Retry(total=2, connect=None, read=None, redirect=None, status=None)) after connection broken by 'ReadTimeoutError("HTTPSConnectionPool(host='data.sh.gov.cn', port=443): Read timed out. (read timeout=30)")': /interface/AG9102015009/14661
2025-03-31 16:44:04,196 - WARNING - Retrying (Retry(total=1, connect=None, read=None, redirect=None, status=None)) after connection broken by 'ReadTimeoutError("HTTPSConnectionPool(host='data.sh.gov.cn', port=443): Read timed out. (read timeout=30)")': /interface/AG9102015009/14661
2025-03-31 16:44:38,272 - WARNING - Retrying (Retry(total=0, connect=None, read=None, redirect=None, status=None)) after connection broken by 'ReadTimeoutError("HTTPSConnectionPool(host='data.sh.gov.cn', port=443): Read timed out. (read timeout=30)")': /interface/AG9102015009/14661
2025-03-31 16:45:08,338 - ERROR - ËØ∑Ê±ÇÂ§±Ë¥•: HTTPSConnectionPool(host='data.sh.gov.cn', port=443): Max retries exceeded with url: /interface/AG9102015009/14661 (Caused by ReadTimeoutError("HTTPSConnectionPool(host='data.sh.gov.cn', port=443): Read timed out. (read timeout=30)"))
2025-03-31 16:45:38,395 - WARNING - Retrying (Retry(total=2, connect=None, read=None, redirect=None, status=None)) after connection broken by 'ReadTimeoutError("HTTPSConnectionPool(host='data.sh.gov.cn', port=443): Read timed out. (read timeout=30)")': /interface/AG9102015009/14661
2025-03-31 16:46:10,451 - WARNING - Retrying (Retry(total=1, connect=None, read=None, redirect=None, status=None)) after connection broken by 'ReadTimeoutError("HTTPSConnectionPool(host='data.sh.gov.cn', port=443): Read timed out. (read timeout=30)")': /interface/AG9102015009/14661
2025-03-31 16:46:44,497 - WARNING - Retrying (Retry(total=0, connect=None, read=None, redirect=None, status=None)) after connection broken by 'ReadTimeoutError("HTTPSConnectionPool(host='data.sh.gov.cn', port=443): Read timed out. (read timeout=30)")': /interface/AG9102015009/14661
2025-03-31 16:47:14,549 - ERROR - ËØ∑Ê±ÇÂ§±Ë¥•: HTTPSConnectionPool(host='data.sh.gov.cn', port=443): Max retries exceeded with url: /interface/AG9102015009/14661 (Caused by ReadTimeoutError("HTTPSConnectionPool(host='data.sh.gov.cn', port=443): Read timed out. (read timeout=30)"))
2025-03-31 16:47:44,604 - WARNING - Retrying (Retry(total=2, connect=None, read=None, redirect=None, status=None)) after connection broken by 'ReadTimeoutError("HTTPSConnectionPool(host='data.sh.gov.cn', port=443): Read timed out. (read timeout=30)")': /interface/AG9102015009/14661
2025-03-31 16:48:16,672 - WARNING - Retrying (Retry(total=1, connect=None, read=None, redirect=None, status=None)) after connection broken by 'ReadTimeoutError("HTTPSConnectionPool(host='data.sh.gov.cn', port=443): Read timed out. (read timeout=30)")': /interface/AG9102015009/14661
2025-03-31 16:48:50,730 - WARNING - Retrying (Retry(total=0, connect=None, read=None, redirect=None, status=None)) after connection broken by 'ReadTimeoutError("HTTPSConnectionPool(host='data.sh.gov.cn', port=443): Read timed out. (read timeout=30)")': /interface/AG9102015009/14661
2025-03-31 16:49:20,804 - ERROR - ËØ∑Ê±ÇÂ§±Ë¥•: HTTPSConnectionPool(host='data.sh.gov.cn', port=443): Max retries exceeded with url: /interface/AG9102015009/14661 (Caused by ReadTimeoutError("HTTPSConnectionPool(host='data.sh.gov.cn', port=443): Read timed out. (read timeout=30)"))
2025-03-31 16:49:20,804 - INFO - ‰ªªÂä°ÂÆåÊàê | ÂÖ±Ëé∑Âèñ 0 Êù°Êï∞ÊçÆ
2025-03-31 18:30:08,521 - WARNING - Retrying (Retry(total=2, connect=None, read=None, redirect=None, status=None)) after connection broken by 'ReadTimeoutError("HTTPSConnectionPool(host='data.sh.gov.cn', port=443): Read timed out. (read timeout=60)")': /interface/AG9102015009/14661
2025-03-31 18:31:10,578 - WARNING - Retrying (Retry(total=1, connect=None, read=None, redirect=None, status=None)) after connection broken by 'ReadTimeoutError("HTTPSConnectionPool(host='data.sh.gov.cn', port=443): Read timed out. (read timeout=60)")': /interface/AG9102015009/14661
2025-03-31 18:32:14,632 - WARNING - Retrying (Retry(total=0, connect=None, read=None, redirect=None, status=None)) after connection broken by 'ReadTimeoutError("HTTPSConnectionPool(host='data.sh.gov.cn', port=443): Read timed out. (read timeout=60)")': /interface/AG9102015009/14661
2025-04-02 15:24:48,083 - WARNING - Retrying (Retry(total=2, connect=None, read=None, redirect=None, status=None)) after connection broken by 'ReadTimeoutError("HTTPSConnectionPool(host='data.sh.gov.cn', port=443): Read timed out. (read timeout=60)")': /interface/AG9102015009/14661
2025-04-02 15:25:50,144 - WARNING - Retrying (Retry(total=1, connect=None, read=None, redirect=None, status=None)) after connection broken by 'ReadTimeoutError("HTTPSConnectionPool(host='data.sh.gov.cn', port=443): Read timed out. (read timeout=60)")': /interface/AG9102015009/14661
2025-04-02 15:26:54,212 - WARNING - Retrying (Retry(total=0, connect=None, read=None, redirect=None, status=None)) after connection broken by 'ReadTimeoutError("HTTPSConnectionPool(host='data.sh.gov.cn', port=443): Read timed out. (read timeout=60)")': /interface/AG9102015009/14661
2025-04-02 17:05:33,640 - WARNING - Retrying (Retry(total=2, connect=None, read=None, redirect=None, status=None)) after connection broken by 'ReadTimeoutError("HTTPSConnectionPool(host='data.sh.gov.cn', port=443): Read timed out. (read timeout=60)")': /interface/AG9102015009/14661
2025-04-02 17:06:35,688 - WARNING - Retrying (Retry(total=1, connect=None, read=None, redirect=None, status=None)) after connection broken by 'ReadTimeoutError("HTTPSConnectionPool(host='data.sh.gov.cn', port=443): Read timed out. (read timeout=60)")': /interface/AG9102015009/14661
2025-04-02 17:07:39,736 - WARNING - Retrying (Retry(total=0, connect=None, read=None, redirect=None, status=None)) after connection broken by 'ReadTimeoutError("HTTPSConnectionPool(host='data.sh.gov.cn', port=443): Read timed out. (read timeout=60)")': /interface/AG9102015009/14661
2025-04-02 17:08:39,787 - ERROR - ËØ∑Ê±ÇÂºÇÂ∏∏: HTTPSConnectionPool(host='data.sh.gov.cn', port=443): Max retries exceeded with url: /interface/AG9102015009/14661 (Caused by ReadTimeoutError("HTTPSConnectionPool(host='data.sh.gov.cn', port=443): Read timed out. (read timeout=60)"))
2025-04-02 17:08:39,788 - INFO - ‰ªªÂä°ÂÆåÊàê | ÂÖ±Ëé∑Âèñ 0 Êù°Êï∞ÊçÆ
